[debug] [2020-02-04T04:34:52.351Z] ----------------------------------------------------------------------
[debug] [2020-02-04T04:34:52.353Z] Command:       /usr/local/bin/firebase /Users/hamzahfirman/.cache/firebase/tools/lib/node_modules/firebase-tools/lib/bin/firebase init
[debug] [2020-02-04T04:34:52.353Z] CLI Version:   7.12.1
[debug] [2020-02-04T04:34:52.353Z] Platform:      darwin
[debug] [2020-02-04T04:34:52.353Z] Node Version:  v12.13.1
[debug] [2020-02-04T04:34:52.354Z] Time:          Mon Feb 03 2020 21:34:52 GMT-0700 (Mountain Standard Time)
[debug] [2020-02-04T04:34:52.354Z] ----------------------------------------------------------------------
[debug] [2020-02-04T04:34:52.354Z] 
[debug] [2020-02-04T04:34:52.360Z] > command requires scopes: ["email","openid","https://www.googleapis.com/auth/cloudplatformprojects.readonly","https://www.googleapis.com/auth/firebase","https://www.googleapis.com/auth/cloud-platform"]
[debug] [2020-02-04T04:34:52.360Z] > authorizing via signed-in user
[info] 
     ######## #### ########  ######## ########     ###     ######  ########
     ##        ##  ##     ## ##       ##     ##  ##   ##  ##       ##
     ######    ##  ########  ######   ########  #########  ######  ######
     ##        ##  ##    ##  ##       ##     ## ##     ##       ## ##
     ##       #### ##     ## ######## ########  ##     ##  ######  ########

You're about to initialize a Firebase project in this directory:

  /Users/hamzahfirman/Desktop/Computer-Science/react-course-projects/gsm-website/gsm-Hamzahs

Before we get started, keep in mind:

  * You are initializing in an existing Firebase project directory

[info] 
=== Project Setup
[info] 
[info] First, let's associate this project directory with a Firebase project.
[info] You can create multiple project aliases by running firebase use --add, 
[info] but for now we'll just set up a default project.
[info] 
[info] i  If you want to create a project in a Google Cloud organization or folder, please use "firebase projects:create" instead, and return to this command when you've created the project.
[debug] [2020-02-04T04:35:19.733Z] >>> HTTP REQUEST POST https://cloudresourcemanager.googleapis.com/v1/projects  

[debug] [2020-02-04T04:35:20.155Z] <<< HTTP RESPONSE 400
[debug] [2020-02-04T04:35:20.156Z] <<< HTTP RESPONSE BODY
[debug] [2020-02-04T04:35:20.157Z] HTTP Error: 400, field [display_name] has issue [project display name must be at least 4 characters]
[debug] [2020-02-04T04:35:20.282Z] FirebaseError: HTTP Error: 400, field [display_name] has issue [project display name must be at least 4 characters]
    at module.exports (/Users/hamzahfirman/.cache/firebase/tools/lib/node_modules/firebase-tools/lib/responseToError.js:38:12)
    at Request._callback (/Users/hamzahfirman/.cache/firebase/tools/lib/node_modules/firebase-tools/lib/api.js:39:35)
    at Request.self.callback (/Users/hamzahfirman/.cache/firebase/tools/lib/node_modules/request/request.js:185:22)
    at Request.emit (events.js:210:5)
    at Request.EventEmitter.emit (domain.js:475:20)
    at Request.<anonymous> (/Users/hamzahfirman/.cache/firebase/tools/lib/node_modules/request/request.js:1161:10)
    at Request.emit (events.js:210:5)
    at Request.EventEmitter.emit (domain.js:475:20)
    at IncomingMessage.<anonymous> (/Users/hamzahfirman/.cache/firebase/tools/lib/node_modules/request/request.js:1083:12)
    at Object.onceWrapper (events.js:299:28)
    at IncomingMessage.emit (events.js:215:7)
    at IncomingMessage.EventEmitter.emit (domain.js:475:20)
    at endReadableNT (_stream_readable.js:1184:12)
    at processTicksAndRejections (internal/process/task_queues.js:80:21)
[error] 
[error] Error: Failed to create Google Cloud project. See firebase-debug.log for more info.
